<?xml version="1.0" encoding="UTF-8" ?>
<testsuite tests="5" failures="0" name="org.es.test.jdbc.ElasticDriverTest" time="32.624" errors="2" skipped="0">
  <properties>
[...]
</properties>
  <testcase classname="org.es.test.jdbc.ElasticDriverTest" name="testLoadDriver" time="0.09"/>
  <testcase classname="org.es.test.jdbc.ElasticDriverTest" name="testQuery" time="32.401">
    <error message="[ElasticStatement] Failed to execute es request sql[select * from index.product where productCode=&apos;IP_6S&apos;]" type="java.sql.SQLException">java.sql.SQLException: [ElasticStatement] Failed to execute es request sql[select * from index.product where productCode=&apos;IP_6S&apos;]
	at org.es.jdbc.api.ElasticStatement.executeQuery(ElasticStatement.java:60)
	at org.es.jdbc.api.ElasticStatement.executeQuery(ElasticStatement.java:40)
	at org.es.test.jdbc.ElasticDriverTest.testQuery(ElasticDriverTest.java:52)
	at sun.reflect.NativeMethodAccessorImpl.invoke0(Native Method)
	at sun.reflect.NativeMethodAccessorImpl.invoke(NativeMethodAccessorImpl.java:62)
	at sun.reflect.DelegatingMethodAccessorImpl.invoke(DelegatingMethodAccessorImpl.java:43)
	at java.lang.reflect.Method.invoke(Method.java:498)
	at org.junit.runners.model.FrameworkMethod$1.runReflectiveCall(FrameworkMethod.java:50)
	at org.junit.internal.runners.model.ReflectiveCallable.run(ReflectiveCallable.java:12)
	at org.junit.runners.model.FrameworkMethod.invokeExplosively(FrameworkMethod.java:47)
	at org.junit.internal.runners.statements.InvokeMethod.evaluate(InvokeMethod.java:17)
	at org.junit.runners.ParentRunner.runLeaf(ParentRunner.java:325)
	at org.junit.runners.BlockJUnit4ClassRunner.runChild(BlockJUnit4ClassRunner.java:78)
	at org.junit.runners.BlockJUnit4ClassRunner.runChild(BlockJUnit4ClassRunner.java:57)
	at org.junit.runners.ParentRunner$3.run(ParentRunner.java:290)
	at org.junit.runners.ParentRunner$1.schedule(ParentRunner.java:71)
	at org.junit.runners.ParentRunner.runChildren(ParentRunner.java:288)
	at org.junit.runners.ParentRunner.access$000(ParentRunner.java:58)
	at org.junit.runners.ParentRunner$2.evaluate(ParentRunner.java:268)
	at org.junit.runners.ParentRunner.run(ParentRunner.java:363)
	at org.apache.maven.surefire.junit4.JUnit4Provider.execute(JUnit4Provider.java:234)
	at org.apache.maven.surefire.junit4.JUnit4Provider.executeTestSet(JUnit4Provider.java:133)
	at org.apache.maven.surefire.junit4.JUnit4Provider.invoke(JUnit4Provider.java:114)
	at sun.reflect.NativeMethodAccessorImpl.invoke0(Native Method)
	at sun.reflect.NativeMethodAccessorImpl.invoke(NativeMethodAccessorImpl.java:62)
	at sun.reflect.DelegatingMethodAccessorImpl.invoke(DelegatingMethodAccessorImpl.java:43)
	at java.lang.reflect.Method.invoke(Method.java:498)
	at org.apache.maven.surefire.util.ReflectionUtils.invokeMethodWithArray(ReflectionUtils.java:188)
	at org.apache.maven.surefire.booter.ProviderFactory$ProviderProxy.invoke(ProviderFactory.java:166)
	at org.apache.maven.surefire.booter.ProviderFactory.invokeProvider(ProviderFactory.java:86)
	at org.apache.maven.surefire.booter.ForkedBooter.runSuitesInProcess(ForkedBooter.java:101)
	at org.apache.maven.surefire.booter.ForkedBooter.main(ForkedBooter.java:74)
Caused by: NoNodeAvailableException[None of the configured nodes are available: [{#transport#-1}{J1SjpZZOTL60eCWUEwiCTA}{192.168.0.125}{192.168.0.125:9300}]]
	at org.elasticsearch.client.transport.TransportClientNodesService.ensureNodesAreAvailable(TransportClientNodesService.java:344)
	at org.elasticsearch.client.transport.TransportClientNodesService.execute(TransportClientNodesService.java:242)
	at org.elasticsearch.client.transport.TransportProxyClient.execute(TransportProxyClient.java:59)
	at org.elasticsearch.client.transport.TransportClient.doExecute(TransportClient.java:356)
	at org.elasticsearch.client.support.AbstractClient.execute(AbstractClient.java:403)
	at sun.reflect.NativeMethodAccessorImpl.invoke0(Native Method)
	at sun.reflect.NativeMethodAccessorImpl.invoke(NativeMethodAccessorImpl.java:62)
	at sun.reflect.DelegatingMethodAccessorImpl.invoke(DelegatingMethodAccessorImpl.java:43)
	at java.lang.reflect.Method.invoke(Method.java:498)
	at org.es.jdbc.es.ElasticClientProxyProviderImpl$CloseClientProxyInvocationHandler.invoke(ElasticClientProxyProviderImpl.java:103)
	at com.sun.proxy.$Proxy27.execute(Unknown Source)
	at org.elasticsearch.action.ActionRequestBuilder.execute(ActionRequestBuilder.java:80)
	at org.elasticsearch.action.ActionRequestBuilder.execute(ActionRequestBuilder.java:54)
	at org.es.jdbc.es.JdbcSearchActionExecutor.syncExecuteWithException(JdbcSearchActionExecutor.java:20)
	at org.es.jdbc.api.ElasticStatement.executeQuery(ElasticStatement.java:57)
	... 31 more
</error>
    <system-out>no modules loaded
loaded plugin [org.elasticsearch.index.reindex.ReindexPlugin]
loaded plugin [org.elasticsearch.percolator.PercolatorPlugin]
loaded plugin [org.elasticsearch.script.mustache.MustachePlugin]
loaded plugin [org.elasticsearch.transport.Netty3Plugin]
loaded plugin [org.elasticsearch.transport.Netty4Plugin]
</system-out>
  </testcase>
  <testcase classname="org.es.test.jdbc.ElasticDriverTest" name="testDataSource" time="0"/>
  <testcase classname="org.es.test.jdbc.ElasticDriverTest" name="testGetConnection" time="0"/>
  <testcase classname="org.es.test.jdbc.ElasticDriverTest" name="testQuery2" time="0.009">
    <error message="[ElasticStatement] Failed to execute es request sql[select * from index.product where productCode=? and provider.providerLevel &gt; ?]" type="java.sql.SQLException">java.sql.SQLException: [ElasticStatement] Failed to execute es request sql[select * from index.product where productCode=? and provider.providerLevel &gt; ?]
	at org.es.jdbc.api.ElasticStatement.executeQuery(ElasticStatement.java:60)
	at org.es.jdbc.api.ElasticPreparedStatement.executeQuery(ElasticPreparedStatement.java:56)
	at org.es.test.jdbc.ElasticDriverTest.testQuery2(ElasticDriverTest.java:75)
	at sun.reflect.NativeMethodAccessorImpl.invoke0(Native Method)
	at sun.reflect.NativeMethodAccessorImpl.invoke(NativeMethodAccessorImpl.java:62)
	at sun.reflect.DelegatingMethodAccessorImpl.invoke(DelegatingMethodAccessorImpl.java:43)
	at java.lang.reflect.Method.invoke(Method.java:498)
	at org.junit.runners.model.FrameworkMethod$1.runReflectiveCall(FrameworkMethod.java:50)
	at org.junit.internal.runners.model.ReflectiveCallable.run(ReflectiveCallable.java:12)
	at org.junit.runners.model.FrameworkMethod.invokeExplosively(FrameworkMethod.java:47)
	at org.junit.internal.runners.statements.InvokeMethod.evaluate(InvokeMethod.java:17)
	at org.junit.runners.ParentRunner.runLeaf(ParentRunner.java:325)
	at org.junit.runners.BlockJUnit4ClassRunner.runChild(BlockJUnit4ClassRunner.java:78)
	at org.junit.runners.BlockJUnit4ClassRunner.runChild(BlockJUnit4ClassRunner.java:57)
	at org.junit.runners.ParentRunner$3.run(ParentRunner.java:290)
	at org.junit.runners.ParentRunner$1.schedule(ParentRunner.java:71)
	at org.junit.runners.ParentRunner.runChildren(ParentRunner.java:288)
	at org.junit.runners.ParentRunner.access$000(ParentRunner.java:58)
	at org.junit.runners.ParentRunner$2.evaluate(ParentRunner.java:268)
	at org.junit.runners.ParentRunner.run(ParentRunner.java:363)
	at org.apache.maven.surefire.junit4.JUnit4Provider.execute(JUnit4Provider.java:234)
	at org.apache.maven.surefire.junit4.JUnit4Provider.executeTestSet(JUnit4Provider.java:133)
	at org.apache.maven.surefire.junit4.JUnit4Provider.invoke(JUnit4Provider.java:114)
	at sun.reflect.NativeMethodAccessorImpl.invoke0(Native Method)
	at sun.reflect.NativeMethodAccessorImpl.invoke(NativeMethodAccessorImpl.java:62)
	at sun.reflect.DelegatingMethodAccessorImpl.invoke(DelegatingMethodAccessorImpl.java:43)
	at java.lang.reflect.Method.invoke(Method.java:498)
	at org.apache.maven.surefire.util.ReflectionUtils.invokeMethodWithArray(ReflectionUtils.java:188)
	at org.apache.maven.surefire.booter.ProviderFactory$ProviderProxy.invoke(ProviderFactory.java:166)
	at org.apache.maven.surefire.booter.ProviderFactory.invokeProvider(ProviderFactory.java:86)
	at org.apache.maven.surefire.booter.ForkedBooter.runSuitesInProcess(ForkedBooter.java:101)
	at org.apache.maven.surefire.booter.ForkedBooter.main(ForkedBooter.java:74)
Caused by: NoNodeAvailableException[None of the configured nodes are available: [{#transport#-1}{J1SjpZZOTL60eCWUEwiCTA}{192.168.0.125}{192.168.0.125:9300}]]
	at org.elasticsearch.client.transport.TransportClientNodesService.ensureNodesAreAvailable(TransportClientNodesService.java:344)
	at org.elasticsearch.client.transport.TransportClientNodesService.execute(TransportClientNodesService.java:242)
	at org.elasticsearch.client.transport.TransportProxyClient.execute(TransportProxyClient.java:59)
	at org.elasticsearch.client.transport.TransportClient.doExecute(TransportClient.java:356)
	at org.elasticsearch.client.support.AbstractClient.execute(AbstractClient.java:403)
	at sun.reflect.NativeMethodAccessorImpl.invoke0(Native Method)
	at sun.reflect.NativeMethodAccessorImpl.invoke(NativeMethodAccessorImpl.java:62)
	at sun.reflect.DelegatingMethodAccessorImpl.invoke(DelegatingMethodAccessorImpl.java:43)
	at java.lang.reflect.Method.invoke(Method.java:498)
	at org.es.jdbc.es.ElasticClientProxyProviderImpl$CloseClientProxyInvocationHandler.invoke(ElasticClientProxyProviderImpl.java:103)
	at com.sun.proxy.$Proxy27.execute(Unknown Source)
	at org.elasticsearch.action.ActionRequestBuilder.execute(ActionRequestBuilder.java:80)
	at org.elasticsearch.action.ActionRequestBuilder.execute(ActionRequestBuilder.java:54)
	at org.es.jdbc.es.JdbcSearchActionExecutor.syncExecuteWithException(JdbcSearchActionExecutor.java:20)
	at org.es.jdbc.api.ElasticStatement.executeQuery(ElasticStatement.java:57)
	... 31 more
</error>
  </testcase>
</testsuite>