<?xml version="1.0" encoding="UTF-8" ?>
<testsuite tests="5" failures="0" name="org.elasticsearch.jdbc.ElasticDriverTest" time="5.131" errors="0" skipped="0">
  <properties>
[...]
</properties>
  <testcase classname="org.elasticsearch.jdbc.ElasticDriverTest" name="testLoadDriver" time="0.157"/>
  <testcase classname="org.elasticsearch.jdbc.ElasticDriverTest" name="testQuery" time="4.668"/>
  <testcase classname="org.elasticsearch.jdbc.ElasticDriverTest" name="testDataSource" time="0.002"/>
  <testcase classname="org.elasticsearch.jdbc.ElasticDriverTest" name="testGetConnection" time="0"/>
  <testcase classname="org.elasticsearch.jdbc.ElasticDriverTest" name="testQuery2" time="0.045"/>
</testsuite>